{"level":"info","message":"Server running on port 3000","timestamp":"2026-04-24T11:04:58.718Z"}
{"level":"info","message":"Server running on port 3000","timestamp":"2026-04-24T11:05:11.365Z"}
{"level":"info","message":"Server running on port 3000","timestamp":"2026-04-25T04:43:57.922Z"}
{"level":"info","message":"POST /api/tickets","timestamp":"2026-04-25T04:44:05.289Z"}
{"level":"error","message":"Failed to create ticket","timestamp":"2026-04-25T04:44:07.010Z"}
{"level":"info","message":"Server running on port 3000","timestamp":"2026-04-25T04:45:07.643Z"}
{"level":"info","message":"POST /api/tickets","timestamp":"2026-04-25T04:45:11.631Z"}
{"level":"error","message":"Failed to create ticket","timestamp":"2026-04-25T04:45:13.202Z"}
{"level":"info","message":"Server running on port 3000","timestamp":"2026-04-25T05:05:18.293Z"}
{"level":"info","message":"POST /api/tickets","timestamp":"2026-04-25T05:05:21.504Z"}
{"level":"error","message":"Request failed with status code 429","timestamp":"2026-04-25T05:05:22.848Z"}
{"level":"info","message":"Server running on port 3000","timestamp":"2026-04-25T05:35:33.096Z"}
{"level":"info","message":"POST /api/tickets","timestamp":"2026-04-25T05:35:41.882Z"}
{"level":"info","message":"POST /api/tickets","timestamp":"2026-04-25T05:35:53.909Z"}
{"level":"info","message":"POST /api/tickets","timestamp":"2026-04-25T05:37:53.389Z"}
{"level":"info","message":"Server running on port 3000","timestamp":"2026-04-25T05:52:17.194Z"}
{"level":"info","message":"POST /api/tickets","timestamp":"2026-04-25T05:52:23.571Z"}
{"level":"info","message":"POST /api/tickets","timestamp":"2026-04-25T05:53:32.290Z"}
{"level":"info","message":"Server running on port 3000","timestamp":"2026-04-25T05:57:10.270Z"}
{"level":"info","message":"POST /api/tickets","timestamp":"2026-04-25T05:57:15.227Z"}
{"level":"error","message":"AI API failed","timestamp":"2026-04-25T05:57:18.482Z"}
{"level":"info","message":"POST /api/tickets","timestamp":"2026-04-25T05:57:23.981Z"}
{"level":"error","message":"AI API failed","timestamp":"2026-04-25T05:57:24.833Z"}
{"level":"info","message":"Server running on port 3000","timestamp":"2026-04-25T05:59:01.014Z"}
{"level":"info","message":"POST /api/tickets","timestamp":"2026-04-25T05:59:05.764Z"}
{"level":"error","message":"AI API failed","timestamp":"2026-04-25T05:59:06.890Z"}
{"level":"info","message":"Server running on port 3000","timestamp":"2026-04-25T06:18:52.627Z"}
{"level":"info","message":"POST /api/tickets","timestamp":"2026-04-25T06:18:58.014Z"}
{"level":"error","message":"AI API failed","timestamp":"2026-04-25T06:19:00.270Z"}
{"level":"info","message":"Server running on port 3000","timestamp":"2026-04-25T06:28:01.932Z"}
{"level":"info","message":"POST /api/tickets","timestamp":"2026-04-25T06:28:05.961Z"}
{"level":"info","message":"Server running on port 3000","timestamp":"2026-04-25T06:50:07.257Z"}
{"level":"info","message":"Server running on port 3000","timestamp":"2026-04-25T10:43:08.301Z"}
{"level":"info","message":"POST /api/tickets","timestamp":"2026-04-25T10:43:11.959Z"}
{"level":"info","message":"Server running on port 3000","timestamp":"2026-04-25T10:45:19.643Z"}
{"level":"info","message":"POST /api/tickets","timestamp":"2026-04-25T10:45:24.537Z"}
{"level":"info","message":"Server running on port 3000","timestamp":"2026-04-25T10:57:00.680Z"}
{"level":"info","message":"POST /api/tickets","timestamp":"2026-04-25T10:57:03.195Z"}
{"level":"info","message":"POST /api/tickets","timestamp":"2026-04-25T10:57:07.561Z"}
{"level":"info","message":"Server running on port 3000","timestamp":"2026-04-25T10:58:28.965Z"}
{"level":"info","message":"POST /api/tickets","timestamp":"2026-04-25T10:58:31.129Z"}
{"level":"info","message":"Server running on port 3000","timestamp":"2026-04-25T10:59:18.447Z"}
{"level":"info","message":"POST /api/tickets","timestamp":"2026-04-25T10:59:20.451Z"}
{"level":"info","message":"Server running on port 3000","timestamp":"2026-04-25T11:00:18.071Z"}
{"level":"info","message":"POST /api/tickets","timestamp":"2026-04-25T11:00:21.661Z"}
{"level":"info","message":"Server running on port 3000","timestamp":"2026-04-25T11:03:52.884Z"}
{"level":"info","message":"POST /api/tickets","timestamp":"2026-04-25T11:03:56.068Z"}
{"level":"info","message":"Server running on port 3000","timestamp":"2026-04-25T11:04:36.182Z"}
{"level":"info","message":"POST /api/tickets","timestamp":"2026-04-25T11:04:40.248Z"}
{"level":"info","message":"Server running on port 3000","timestamp":"2026-04-25T11:39:43.115Z"}
{"level":"info","message":"POST /api/tickets","timestamp":"2026-04-25T11:39:57.002Z"}
{"level":"info","message":"POST /api/tickets","timestamp":"2026-04-25T11:40:04.763Z"}
{"level":"info","message":"Server running on port 3000","timestamp":"2026-04-25T12:01:14.286Z"}
{"level":"info","message":"POST /api/tickets","timestamp":"2026-04-25T12:01:18.663Z"}
{"level":"info","message":"POST /api/tickets","timestamp":"2026-04-25T12:07:42.817Z"}
{"level":"info","message":"POST /api/tickets","timestamp":"2026-04-25T12:09:56.062Z"}
{"level":"info","message":"Server running on port 3000","timestamp":"2026-04-25T12:09:56.644Z"}
{"level":"info","message":"Server running on port 3000","timestamp":"2026-04-25T12:13:45.247Z"}
{"level":"info","message":"POST /api/tickets","timestamp":"2026-04-25T12:13:52.987Z"}
{"level":"info","message":"POST /api/tickets","timestamp":"2026-04-25T12:19:05.257Z"}
{"level":"info","message":"Server running on port 3000","timestamp":"2026-04-25T14:18:50.954Z"}
{"level":"info","message":"POST /api/tickets","timestamp":"2026-04-25T14:19:12.135Z"}
{"level":"info","message":"Server running on port 3000","timestamp":"2026-04-25T14:24:11.213Z"}
{"level":"info","message":"POST /api/tickets","timestamp":"2026-04-25T14:24:15.427Z"}
{"level":"info","message":"Server running on port 3000","timestamp":"2026-04-25T15:33:01.049Z"}
{"level":"info","message":"POST /api/tickets","timestamp":"2026-04-25T15:33:04.141Z"}
{"level":"info","message":"Server running on port 3000","timestamp":"2026-04-25T15:40:12.902Z"}
{"level":"info","message":"POST /api/tickets","timestamp":"2026-04-25T15:40:17.068Z"}
{"level":"info","message":"Server running on port 3000","timestamp":"2026-04-25T15:40:52.450Z"}
{"level":"info","message":"POST /api/tickets","timestamp":"2026-04-25T15:40:56.345Z"}
{"level":"info","message":"POST /api/tickets","timestamp":"2026-04-25T15:41:24.724Z"}
{"level":"info","message":"Server running on port 3000","timestamp":"2026-04-25T15:48:37.790Z"}
{"level":"info","message":"POST /api/tickets","timestamp":"2026-04-25T15:48:55.957Z"}
{"level":"info","message":"Server running on port 3000","timestamp":"2026-04-25T15:49:53.297Z"}
{"level":"info","message":"POST /api/tickets","timestamp":"2026-04-25T15:49:57.956Z"}
{"level":"info","message":"POST /api/tickets","timestamp":"2026-04-25T15:50:56.013Z"}
{"level":"info","message":"Server running on port 3000","timestamp":"2026-04-25T15:56:44.570Z"}
{"level":"info","message":"POST /api/tickets","timestamp":"2026-04-25T15:56:49.785Z"}
{"level":"info","message":"POST /api/tickets","timestamp":"2026-04-25T15:57:11.787Z"}
{"level":"info","message":"POST /api/tickets","timestamp":"2026-04-25T15:57:31.944Z"}
{"level":"info","message":"Server running on port 3000","timestamp":"2026-04-25T16:01:51.878Z"}
{"level":"info","message":"POST /api/tickets","timestamp":"2026-04-25T16:01:58.718Z"}
{"level":"info","message":"Server running on port 3000","timestamp":"2026-04-25T16:06:37.844Z"}
{"level":"info","message":"POST /api/tickets","timestamp":"2026-04-25T16:06:44.297Z"}
{"level":"info","message":"POST /api/tickets","timestamp":"2026-04-25T16:07:10.042Z"}
{"level":"info","message":"Server running on port 3000","timestamp":"2026-04-25T16:10:30.720Z"}
{"level":"info","message":"POST /api/tickets","timestamp":"2026-04-25T16:11:00.561Z"}
{"level":"info","message":"POST /api/tickets","timestamp":"2026-04-25T16:12:09.999Z"}
{"level":"info","message":"Server running on port 3000","timestamp":"2026-04-26T05:10:39.534Z"}
{"level":"info","message":"Server running on port 3000","timestamp":"2026-04-29T04:26:44.775Z"}
{"level":"info","message":"POST /api/auth/register","timestamp":"2026-04-29T04:30:41.810Z"}
{"level":"error","message":"Invalid login: 535-5.7.8 Username and Password not accepted. For more information, go to\n535 5.7.8  https://support.google.com/mail/?p=BadCredentials d9443c01a7336-2b9887731dcsm7496185ad.14 - gsmtp","timestamp":"2026-04-29T04:30:44.963Z"}
{"level":"info","message":"Server running on port 3000","timestamp":"2026-04-29T04:31:58.288Z"}
{"level":"info","message":"POST /api/auth/register","timestamp":"2026-04-29T04:32:05.911Z"}
{"level":"error","message":"User already exists","timestamp":"2026-04-29T04:32:05.996Z"}
{"level":"info","message":"POST /api/auth/register","timestamp":"2026-04-29T04:34:37.215Z"}
{"level":"error","message":"Invalid login: 535-5.7.8 Username and Password not accepted. For more information, go to\n535 5.7.8  https://support.google.com/mail/?p=BadCredentials d9443c01a7336-2b9887ad80bsm7807215ad.37 - gsmtp","timestamp":"2026-04-29T04:34:39.790Z"}
{"level":"info","message":"Server running on port 3000","timestamp":"2026-04-29T04:36:06.687Z"}
{"level":"info","message":"Server running on port 3000","timestamp":"2026-04-29T06:44:29.356Z"}
{"level":"info","message":"POST /api/auth/register","timestamp":"2026-04-29T06:44:36.033Z"}
{"level":"error","message":"User already exists","timestamp":"2026-04-29T06:44:36.104Z"}
{"level":"info","message":"Server running on port 3000","timestamp":"2026-04-29T07:10:37.267Z"}
{"level":"info","message":"POST /api/auth/register","timestamp":"2026-04-29T07:10:40.936Z"}
{"level":"error","message":"User already exists","timestamp":"2026-04-29T07:10:41.014Z"}
{"level":"info","message":"POST /api/auth/register","timestamp":"2026-04-29T07:12:49.608Z"}
{"level":"error","message":"Invalid login: 535-5.7.8 Username and Password not accepted. For more information, go to\n535 5.7.8  https://support.google.com/mail/?p=BadCredentials 41be03b00d2f7-c7fd65065e1sm1197418a12.22 - gsmtp","timestamp":"2026-04-29T07:12:51.513Z"}
{"level":"info","message":"Server running on port 3000","timestamp":"2026-04-29T07:19:09.111Z"}
{"level":"info","message":"POST /api/auth/register","timestamp":"2026-04-29T07:20:33.952Z"}
{"level":"info","message":"Server running on port 3000","timestamp":"2026-04-29T13:24:59.340Z"}
{"level":"info","message":"POST /api/auth/register","timestamp":"2026-04-29T13:31:09.969Z"}
{"level":"info","message":"Server running on port 3000","timestamp":"2026-04-29T13:40:49.253Z"}
{"level":"info","message":"POST /api/auth/register","timestamp":"2026-04-29T13:42:20.398Z"}
{"level":"info","message":"Server running on port 3000","timestamp":"2026-05-02T07:11:04.831Z"}
{"level":"info","message":"POST /api/auth/login","timestamp":"2026-05-02T07:11:11.092Z"}
{"level":"error","message":"comparePassword is not defined","timestamp":"2026-05-02T07:11:11.218Z"}
{"level":"info","message":"Server running on port 3000","timestamp":"2026-05-02T07:12:49.212Z"}
{"level":"info","message":"POST /api/auth/login","timestamp":"2026-05-02T07:12:54.538Z"}
{"level":"error","message":"Cannot set properties of undefined (setting 'user')","timestamp":"2026-05-02T07:12:54.971Z"}
{"level":"info","message":"Server running on port 3000","timestamp":"2026-05-02T07:14:31.228Z"}
{"level":"info","message":"Server running on port 3000","timestamp":"2026-05-02T07:16:51.603Z"}
{"level":"info","message":"POST /api/auth/login","timestamp":"2026-05-02T07:16:53.785Z"}
{"level":"info","message":"Server running on port 3000","timestamp":"2026-05-02T12:22:07.882Z"}
{"level":"info","message":"Server running on port 3000","timestamp":"2026-05-02T12:23:14.340Z"}
{"level":"info","message":"POST /api/auth/login","timestamp":"2026-05-02T12:23:24.249Z"}
{"level":"info","message":"GET /api/auth/me","timestamp":"2026-05-02T12:23:44.509Z"}
{"level":"info","message":"Server running on port 3000","timestamp":"2026-05-05T05:20:10.122Z"}
{"level":"info","message":"POST /api/tickets","timestamp":"2026-05-05T05:20:52.640Z"}
{"level":"info","message":"POST /api/auth/login","timestamp":"2026-05-05T05:23:19.894Z"}
{"level":"info","message":"POST /api/tickets","timestamp":"2026-05-05T05:23:30.897Z"}
{"level":"error","message":"Ticket validation failed: user: Path `user` is required.","timestamp":"2026-05-05T05:23:30.936Z"}
{"level":"error","message":"Expected ',' or '}' after property value in JSON at position 15 (line 2 column 13)","timestamp":"2026-05-05T05:24:05.195Z"}
{"level":"info","message":"POST /api/tickets","timestamp":"2026-05-05T05:24:13.050Z"}
{"level":"error","message":"Ticket validation failed: user: Path `user` is required.","timestamp":"2026-05-05T05:24:13.057Z"}
{"level":"info","message":"Server running on port 3000","timestamp":"2026-05-05T05:26:52.970Z"}
{"level":"info","message":"POST /api/auth/login","timestamp":"2026-05-05T05:26:59.384Z"}
{"level":"info","message":"POST /api/tickets","timestamp":"2026-05-05T05:27:03.475Z"}
{"level":"info","message":"Server running on port 3000","timestamp":"2026-05-06T06:01:35.656Z"}
{"level":"info","message":"GET /api-docshttp://localhost:3000/api-docs","timestamp":"2026-05-06T06:01:49.968Z"}
{"level":"info","message":"GET /api-docshttp://localhost:3000/api-docs","timestamp":"2026-05-06T06:01:53.152Z"}
{"level":"info","message":"Server running on port 3000","timestamp":"2026-05-06T06:02:10.601Z"}
{"level":"info","message":"GET /api-docshttp://localhost:3000/api-docs","timestamp":"2026-05-06T06:02:18.253Z"}
{"level":"info","message":"GET /api-docshttp://localhost:3000/api-docs","timestamp":"2026-05-06T06:02:18.998Z"}
{"level":"info","message":"GET /api-docshttp://localhost:3000/api-docs","timestamp":"2026-05-06T06:02:19.185Z"}
{"level":"info","message":"GET /api-docshttp://localhost:3000/api-docs","timestamp":"2026-05-06T06:02:19.491Z"}
{"level":"info","message":"GET /api-docshttp://localhost:3000/api-docs","timestamp":"2026-05-06T06:02:19.649Z"}
{"level":"info","message":"Server running on port 3000","timestamp":"2026-05-06T06:03:02.679Z"}
{"level":"info","message":"Server running on port 6000","timestamp":"2026-05-06T06:03:15.453Z"}
{"level":"info","message":"GET /api-docshttp://localhost:6000/api-docs","timestamp":"2026-05-06T06:03:22.750Z"}
{"level":"info","message":"GET /api-docshttp://localhost:6000/api-docs","timestamp":"2026-05-06T06:03:24.476Z"}
{"level":"info","message":"Server running on port 6000","timestamp":"2026-05-06T12:23:07.835Z"}
{"level":"info","message":"Server running on port 6000","timestamp":"2026-05-06T12:27:09.356Z"}
{"level":"info","message":"Server running on port 6000","timestamp":"2026-05-06T12:30:38.095Z"}
{"level":"info","message":"Server running on port 6000","timestamp":"2026-05-06T12:35:22.955Z"}
{"level":"info","message":"Server running on port 6000","timestamp":"2026-05-06T12:35:27.155Z"}
{"level":"info","message":"Server running on port 5000","timestamp":"2026-05-06T12:36:18.698Z"}
{"level":"info","message":"GET /api-docs","timestamp":"2026-05-06T12:36:23.434Z"}
{"level":"info","message":"GET /api-docs/","timestamp":"2026-05-06T12:36:23.460Z"}
{"level":"info","message":"GET /api-docs/swagger-ui.css","timestamp":"2026-05-06T12:36:23.682Z"}
{"level":"info","message":"GET /api-docs/swagger-ui-bundle.js","timestamp":"2026-05-06T12:36:23.687Z"}
{"level":"info","message":"GET /api-docs/swagger-ui-standalone-preset.js","timestamp":"2026-05-06T12:36:23.696Z"}
{"level":"info","message":"GET /api-docs/swagger-ui-init.js","timestamp":"2026-05-06T12:36:23.699Z"}
{"level":"info","message":"GET /api-docs/favicon-32x32.png","timestamp":"2026-05-06T12:36:24.497Z"}
{"level":"info","message":"Server running on port 5000","timestamp":"2026-05-06T12:41:34.893Z"}
{"level":"info","message":"GET /api-docs/","timestamp":"2026-05-06T12:41:36.586Z"}
{"level":"info","message":"GET /api-docs/swagger-ui.css","timestamp":"2026-05-06T12:41:36.653Z"}
{"level":"info","message":"GET /api-docs/swagger-ui-bundle.js","timestamp":"2026-05-06T12:41:36.660Z"}
{"level":"info","message":"GET /api-docs/swagger-ui-standalone-preset.js","timestamp":"2026-05-06T12:41:36.663Z"}
{"level":"info","message":"GET /api-docs/swagger-ui-init.js","timestamp":"2026-05-06T12:41:36.666Z"}
{"level":"info","message":"GET /api-docs/favicon-32x32.png","timestamp":"2026-05-06T12:41:37.404Z"}
{"level":"info","message":"Server running on port 5000","timestamp":"2026-05-06T12:45:23.624Z"}
{"level":"info","message":"GET /api-docs/","timestamp":"2026-05-06T12:45:28.880Z"}
{"level":"info","message":"GET /api-docs/swagger-ui.css","timestamp":"2026-05-06T12:45:28.970Z"}
{"level":"info","message":"GET /api-docs/swagger-ui-bundle.js","timestamp":"2026-05-06T12:45:28.981Z"}
{"level":"info","message":"GET /api-docs/swagger-ui-standalone-preset.js","timestamp":"2026-05-06T12:45:28.986Z"}
{"level":"info","message":"GET /api-docs/swagger-ui-init.js","timestamp":"2026-05-06T12:45:28.990Z"}
{"level":"info","message":"GET /api-docs/favicon-32x32.png","timestamp":"2026-05-06T12:45:29.689Z"}
{"level":"info","message":"Server running on port 5000","timestamp":"2026-05-07T04:00:14.922Z"}
{"level":"info","message":"Server running on port 5000","timestamp":"2026-05-07T07:03:13.300Z"}
{"level":"info","message":"GET /api/auth/google","timestamp":"2026-05-07T07:03:24.674Z"}
{"level":"info","message":"Server running on port 5000","timestamp":"2026-05-07T07:19:44.493Z"}
{"level":"info","message":"GET /api/auth/google","timestamp":"2026-05-07T07:20:10.591Z"}
{"level":"info","message":"GET /api/auth/google/callback","timestamp":"2026-05-07T15:31:46.721Z"}
{"level":"info","message":"Server running on port 5000","timestamp":"2026-05-07T15:37:33.938Z"}
{"level":"info","message":"GET /api/auth/google/callback","timestamp":"2026-05-07T15:37:47.359Z"}
{"level":"info","message":"Server running on port 5000","timestamp":"2026-05-07T15:43:45.708Z"}
{"level":"info","message":"GET /api/auth/google/callback","timestamp":"2026-05-07T15:43:58.232Z"}
{"level":"info","message":"Server running on port 5000","timestamp":"2026-05-08T06:56:01.558Z"}
{"level":"info","message":"GET /api/auth/google","timestamp":"2026-05-08T06:56:09.738Z"}
{"level":"info","message":"GET /api-docs","timestamp":"2026-05-08T06:56:41.231Z"}
{"level":"info","message":"GET /api-docs/","timestamp":"2026-05-08T06:56:41.365Z"}
{"level":"info","message":"GET /api-docs/swagger-ui.css","timestamp":"2026-05-08T06:56:41.848Z"}
{"level":"info","message":"GET /api-docs/swagger-ui-standalone-preset.js","timestamp":"2026-05-08T06:56:41.880Z"}
{"level":"info","message":"GET /api-docs/swagger-ui-bundle.js","timestamp":"2026-05-08T06:56:41.930Z"}
{"level":"info","message":"GET /api-docs/swagger-ui-init.js","timestamp":"2026-05-08T06:56:41.935Z"}
{"level":"info","message":"GET /api/auth/google/callback","timestamp":"2026-05-08T06:56:53.548Z"}
{"level":"info","message":"GET /api/auth/google/callback","timestamp":"2026-05-08T06:57:08.526Z"}
{"level":"info","message":"GET /api/auth/github","timestamp":"2026-05-08T06:58:51.562Z"}
{"level":"info","message":"Server running on port 5000","timestamp":"2026-05-08T12:56:34.458Z"}
{"level":"info","message":"Server running on port 5000","timestamp":"2026-05-15T15:01:22.551Z"}
{"level":"info","message":"Server running on port 5000","timestamp":"2026-05-15T15:09:28.228Z"}
{"level":"info","message":"Server running on port 5000","timestamp":"2026-05-16T07:07:19.372Z"}
{"level":"info","message":"Server running on port 5000","timestamp":"2026-05-16T07:10:40.109Z"}
{"level":"info","message":"Server running on port 5000","timestamp":"2026-05-16T07:15:16.780Z"}
{"level":"info","message":"Server running on port 5000","timestamp":"2026-05-16T07:15:46.738Z"}
{"level":"info","message":"Server running on port 5000","timestamp":"2026-05-16T07:27:00.544Z"}
{"level":"info","message":"Server running on port 5000","timestamp":"2026-05-17T04:22:47.485Z"}
